SF:src\__init__.py
end_of_record
SF:src\util\cli_parser.py
DA:28,1
DA:29,1
DA:30,1
DA:33,1
DA:60,1
DA:62,1
DA:68,1
DA:77,1
LF:8
LH:8
FN:33,77,parse_cli_args
FNDA:1,parse_cli_args
FNF:1
FNH:1
end_of_record
SF:src\util\logging_contract.py
DA:32,1
DA:33,1
DA:36,1
LF:3
LH:3
end_of_record
SF:src\util\logging_setup.py
DA:27,1
DA:28,1
DA:29,1
DA:30,1
DA:33,1
DA:62,1
DA:64,1
DA:65,1
DA:67,1
DA:74,1
DA:78,1
DA:80,1
DA:82,1
DA:84,1
DA:85,1
DA:87,1
LF:16
LH:16
FN:33,87,initialize_logging
FNDA:1,initialize_logging
FNF:1
FNH:1
end_of_record
SF:src\util\tests\__init__.py
end_of_record
SF:src\util\tests\test_logging_setup.py
DA:1,1
DA:2,1
DA:3,1
DA:4,1
DA:5,1
DA:6,1
DA:8,1
DA:9,1
DA:10,1
DA:11,1
DA:24,1
DA:26,1
DA:27,1
DA:28,1
DA:29,1
DA:31,1
DA:32,1
DA:33,1
DA:34,1
DA:36,1
DA:37,1
DA:38,1
DA:39,1
DA:41,1
DA:42,1
DA:43,1
DA:44,1
DA:46,1
DA:47,1
DA:48,1
DA:49,1
DA:51,1
DA:52,1
DA:53,1
DA:54,1
DA:56,1
DA:57,1
DA:58,1
DA:59,1
DA:60,1
DA:62,1
DA:63,1
DA:64,1
DA:65,1
DA:66,1
DA:71,1
DA:73,1
DA:74,1
DA:75,1
DA:76,1
DA:78,1
DA:79,1
DA:80,1
DA:82,1
DA:83,1
DA:84,1
DA:89,1
DA:91,1
DA:92,1
DA:93,1
DA:94,1
DA:95,1
DA:96,1
DA:97,1
DA:98,1
DA:100,1
DA:101,1
DA:102,1
DA:103,1
DA:104,1
DA:106,1
DA:107,1
DA:108,1
DA:109,1
DA:111,1
DA:112,1
DA:113,1
DA:114,1
DA:116,1
DA:117,1
DA:118,1
DA:119,1
DA:121,1
DA:122,1
DA:123,1
DA:124,1
DA:126,1
DA:127,1
DA:128,1
DA:129,1
DA:130,1
DA:132,1
DA:133,1
DA:134,1
DA:135,1
DA:136,1
DA:137,1
DA:138,1
DA:140,1
DA:141,1
DA:142,1
DA:143,1
DA:144,1
DA:146,1
DA:147,1
DA:148,1
DA:149,1
DA:150,1
DA:152,1
DA:153,1
DA:154,1
DA:155,1
LF:112
LH:112
FN:26,29,TestParseCliArgs.test_debug_is_false_by_default
FNDA:1,TestParseCliArgs.test_debug_is_false_by_default
FN:31,34,TestParseCliArgs.test_debug_flag_sets_debug_to_true
FNDA:1,TestParseCliArgs.test_debug_flag_sets_debug_to_true
FN:36,39,TestParseCliArgs.test_file_path_defaults_to_provided_value
FNDA:1,TestParseCliArgs.test_file_path_defaults_to_provided_value
FN:41,44,TestParseCliArgs.test_fp_flag_overrides_default_file_path
FNDA:1,TestParseCliArgs.test_fp_flag_overrides_default_file_path
FN:46,49,TestParseCliArgs.test_file_path_is_none_when_not_provided
FNDA:1,TestParseCliArgs.test_file_path_is_none_when_not_provided
FN:51,54,TestParseCliArgs.test_fp_value_is_returned_as_path
FNDA:1,TestParseCliArgs.test_fp_value_is_returned_as_path
FN:56,60,TestParseCliArgs.test_description_does_not_affect_parsed_result
FNDA:1,TestParseCliArgs.test_description_does_not_affect_parsed_result
FN:62,66,TestParseCliArgs.test_both_flags_together
FNDA:1,TestParseCliArgs.test_both_flags_together
FN:73,76,TestLogPolicy.test_object_with_required_attrs_satisfies_contract
FNDA:1,TestLogPolicy.test_object_with_required_attrs_satisfies_contract
FN:78,80,TestLogPolicy.test_log_dir_is_path
FNDA:1,TestLogPolicy.test_log_dir_is_path
FN:82,84,TestLogPolicy.test_max_log_size_is_int
FNDA:1,TestLogPolicy.test_max_log_size_is_int
FN:92,98,TestInitializeLogging.reset_root_logger
FNDA:1,TestInitializeLogging.reset_root_logger
FN:100,104,TestInitializeLogging.test_creates_log_dir_if_missing
FNDA:1,TestInitializeLogging.test_creates_log_dir_if_missing
FN:106,109,TestInitializeLogging.test_debug_mode_creates_debug_log
FNDA:1,TestInitializeLogging.test_debug_mode_creates_debug_log
FN:111,114,TestInitializeLogging.test_prod_mode_creates_prod_log
FNDA:1,TestInitializeLogging.test_prod_mode_creates_prod_log
FN:116,119,TestInitializeLogging.test_debug_mode_sets_debug_level
FNDA:1,TestInitializeLogging.test_debug_mode_sets_debug_level
FN:121,124,TestInitializeLogging.test_prod_mode_sets_error_level
FNDA:1,TestInitializeLogging.test_prod_mode_sets_error_level
FN:126,130,TestInitializeLogging.test_adds_rotating_file_handler
FNDA:1,TestInitializeLogging.test_adds_rotating_file_handler
FN:132,138,TestInitializeLogging.test_clears_existing_handlers
FNDA:1,TestInitializeLogging.test_clears_existing_handlers
FN:140,144,TestInitializeLogging.test_handler_uses_max_log_size
FNDA:1,TestInitializeLogging.test_handler_uses_max_log_size
FN:146,150,TestInitializeLogging.test_handler_keeps_3_backups
FNDA:1,TestInitializeLogging.test_handler_keeps_3_backups
FN:152,155,TestInitializeLogging.test_returns_none
FNDA:1,TestInitializeLogging.test_returns_none
FNF:22
FNH:22
end_of_record
